1525723943    0.030000    0.080000    0     0     516    0
1525723945    0.010000    0.080000    0     0     1961    0
1525723947    0.010000    0.080000    0     0     2337    0
1525723949    0.010000    0.080000    0     0     2337    0
1525723951    0.010000    0.080000    0     0     2444    0
1525723953    0.010000    0.080000    0     0     2444    0
1525723955    0.010000    0.080000    0     0     2514    0
1525723957    0.010000    0.080000    0     0     2514    0
1525723959    0.010000    0.080000    0     0     2621    0
1525723961    0.010000    0.080000    0     0     2621    0
1525723963    0.010000    0.080000    0     0     2621    0
1525723965    0.010000    0.080000    0     0     2621    0
1525723967    0.010000    0.080000    0     0     2621    0
1525723969    0.010000    0.080000    0     0     2621    0
1525723971    0.010000    0.080000    0     0     2691    0
1525723973    0.010000    0.080000    0     0     2691    0
1525723975    0.010000    0.080000    0     0     2798    0
1525723977    0.010000    0.080000    0     0     2798    0
1525723979    0.010000    0.080000    0     0     2798    0
1525723981    0.010000    0.080000    0     0     2798    0
1525723983    0.010000    0.080000    0     0     2798    0
1525723985    0.010000    0.080000    0     0     2798    0
1525723987    0.010000    0.080000    0     0     2798    0
1525723989    0.010000    0.080000    0     0     2798    0
1525723991    0.010000    0.080000    0     0     2798    0
1525723993    0.010000    0.080000    0     0     2798    0
1525723995    0.010000    0.080000    0     0     2798    0
1525723997    0.010000    0.080000    0     0     2798    0
1525723999    0.010000    0.080000    0     0     2798    0
1525724001    0.010000    0.080000    0     0     2798    0
1525724003    0.010000    0.080000    0     0     2868    0
1525724005    0.010000    0.080000    0     0     2868    0
1525724007    0.010000    0.080000    0     0     2975    0
1525724009    1.550000    0.170000    0     0     641591    39176
1525724011    24.380000    1.620000    0     0     27198004    1585456
1525724013    34.300000    3.330000    0     0     60223847    3507570
1525724015    21.980000    4.490000    0     0     81420000    4743278
1525724017    31.900000    5.780000    0     0     106366289    6195282
1525724019    32.890000    7.200000    0     0     132084611    7690896
1525724021    28.590000    8.530000    0     0     157272179    9156466
1525724023    20.960000    9.830000    0     0     181964073    10595336
1525724025    30.660000    11.270000    0     0     208760682    12154418
1525724027    29.940000    12.410000    0     0     230625665    13429440
1525724029    40.810000    14.050000    0     0     259913925    15133496
1525724031    40.650000    15.870000    0     0     293905281    17111368
1525724033    40.470000    17.790000    0     0     330467112    19239074
1525724035    40.700000    19.750000    0     0     367438691    21390106
1525724037    21.490000    21.240000    0     0     394736911    22981524
1525724039    37.530000    22.860000    0     0     426102056    24806068
1525724041    24.020000    24.260000    0     0     452122597    26319722
1525724043    29.920000    25.790000    0     0     480780899    27988768
1525724045    32.100000    27.260000    0     0     506387349    29478462
1525724047    21.960000    28.220000    0     0     525150094    30570892
1525724049    26.300000    29.600000    0     0     551234690    32089024
1525724051    19.060000    31.030000    0     0     578123426    33655219
1525724053    4.870000    31.510000    0     0     586582328    34148624
1525724055    2.880000    31.890000    0     0     594268518    34596312
1525724057    6.400000    32.370000    0     0     603159690    35114144
1525724059    14.790000    32.900000    0     0     613127086    35693786
1525724061    11.340000    33.420000    0     0     622666235    36249078
1525724063    7.460000    33.760000    0     0     628954635    36614860
1525724065    4.550000    34.080000    0     0     635235197    36980860
1525724067    0.170000    34.080000    0     0     635556098    36999802
1525724069    0.020000    34.080000    0     0     635556168    36999802
1525724071    0.270000    34.080000    0     0     635556275    36999802
1525724073    0.180000    34.080000    0     0     635556275    36999802
1525724075    0.030000    34.080000    0     0     635556275    36999802
1525724077    0.120000    34.080000    0     0     635556275    36999802
1525724079    0.020000    34.080000    0     0     635556275    36999802
1525724081    0.010000    34.080000    0     0     635556275    36999802
1525724083    0.010000    34.080000    0     0     635556275    36999802
1525724085    0.010000    34.080000    0     0     635556275    36999802
1525724087    0.010000    34.080000    0     0     635556275    36999802
1525724089    0.010000    34.080000    0     0     635556275    36999802
1525724091    0.010000    34.080000    0     0     635556275    36999802
1525724093    0.010000    34.080000    0     0     635556275    36999802
1525724095    0.010000    34.080000    0     0     635556275    36999802
1525724097    0.010000    34.080000    0     0     635556275    36999802
1525724099    0.010000    34.080000    0     0     635556275    36999802
1525724101    0.010000    34.080000    0     0     635556275    36999802
1525724103    0.010000    34.080000    0     0     635556275    36999802
1525724105    0.010000    34.080000    0     0     635556275    36999802
1525724107    0.010000    34.080000    0     0     635556275    36999802
1525724109    0.010000    34.080000    0     0     635556275    36999802
1525724111    0.010000    34.080000    0     0     635556275    36999802
1525724113    0.010000    34.080000    0     0     635556275    36999802
1525724115    0.010000    34.080000    0     0     635556275    36999802
1525724117    0.010000    34.080000    0     0     635556275    36999802
1525724119    0.010000    34.080000    0     0     635556275    36999802
1525724121    0.010000    34.080000    0     0     635556275    36999802
1525724123    0.010000    34.080000    0     0     635556275    36999802
1525724125    0.010000    34.080000    0     0     635556275    36999802
1525724127    0.010000    34.080000    0     0     635556275    36999802
1525724129    0.010000    34.080000    0     0     635556275    36999802
1525724131    0.010000    34.080000    0     0     635556275    36999802
1525724133    0.010000    34.080000    0     0     635556275    36999802
1525724135    0.010000    34.080000    0     0     635556275    36999802
1525724137    15.720000    34.080000    0     0     635556275    36999802
1525724139    0.010000    34.080000    0     0     635556275    36999802
1525724141    0.010000    34.080000    0     0     635556275    36999802
1525724143    0.010000    34.080000    0     0     635556275    36999802
1525724145    0.010000    34.080000    0     0     635556275    36999802
1525724147    0.010000    34.080000    0     0     635556275    36999802
1525724149    0.010000    34.080000    0     0     635556275    36999802
1525724151    0.010000    34.080000    0     0     635556275    36999802
1525724153    0.010000    34.080000    0     0     635556275    36999802
1525724155    0.010000    34.080000    0     0     635556275    36999802
1525724157    0.010000    34.080000    0     0     635556275    36999802
1525724159    0.010000    34.080000    0     0     635556275    36999802
1525724161    0.010000    34.080000    0     0     635556275    36999802
1525724163    0.000000    34.080000    0     0     635556275    36999802
1525724165    0.010000    34.080000    0     0     635556275    36999802
1525724167    5.480000    34.080000    0     0     635788287    39723848
1525724169    45.290000    34.080000    0     0     639215185    81145710
1525724171    44.230000    34.080000    0     0     642186209    117042981
1525724173    45.830000    34.080000    0     0     645950454    162550837
1525724175    46.450000    34.080000    0     0     649657212    207352533
1525724177    44.730000    34.080000    0     0     652658645    243623973
1525724179    45.590000    34.080000    0     0     656423933    289147264
1525724181    46.570000    34.080000    0     0     660181106    334557904
1525724183    29.910000    34.080000    0     0     663143679    370358455
1525724185    45.780000    34.080000    0     0     666422972    409979712
1525724187    30.750000    34.080000    0     0     668268197    432276196
1525724189    30.550000    34.080000    0     0     670654128    461110818
1525724191    46.820000    34.080000    0     0     673912782    500477003
1525724193    46.870000    34.080000    0     0     677666996    545853338
1525724195    45.950000    34.080000    0     0     681426661    591302218
1525724197    42.410000    34.080000    0     0     684433950    627639573
1525724199    46.970000    34.080000    0     0     688197424    673134259
1525724201    34.690000    34.080000    0     0     691402352    711868274
1525724203    44.820000    34.080000    0     0     694876514    753852598
1525724205    43.770000    34.080000    0     0     698197138    793994017
1525724207    39.670000    34.080000    0     0     701587435    834962388
1525724209    43.600000    34.080000    0     0     704929590    875364842
1525724211    42.300000    34.080000    0     0     708481488    918303389
1525724213    39.810000    34.080000    0     0     711947318    960202011
1525724215    37.940000    34.080000    0     0     714729256    993816880
1525724217    45.150000    34.080000    0     0     718259089    1036482716
1525724219    37.570000    34.080000    0     0     721480235    1075433624
1525724221    45.580000    34.080000    0     0     725057687    1118670300
1525724223    45.560000    34.080000    0     0     728735120    1163119062
1525724225    44.330000    34.080000    0     0     731737487    1199402185
1525724227    45.330000    34.080000    0     0     735415271    1243863786
1525724229    42.300000    34.080000    0     0     738973979    1286888728
1525724231    31.380000    34.080000    0     0     741920178    1322494544
1525724233    31.970000    34.080000    0     0     744823861    1357572383
1525724235    44.050000    34.080000    0     0     748170685    1398016386
1525724237    32.000000    34.080000    0     0     751137371    1433882491
1525724239    36.720000    34.080000    0     0     754312281    1472259310
1525724241    45.970000    34.080000    0     0     757826679    1514732048
1525724243    38.000000    34.080000    0     0     760835082    1551086661
1525724245    39.660000    34.080000    0     0     764330828    1593351708
1525724247    33.560000    34.080000    0     0     767289974    1629106406
1525724249    45.640000    34.080000    0     0     770750700    1670929168
1525724251    35.350000    34.080000    0     0     773944827    1709544855
1525724253    40.990000    34.080000    0     0     777072158    1747334719
1525724255    34.590000    34.080000    0     0     779613264    1778058258
1525724257    39.540000    34.080000    0     0     782975412    1818686101
1525724259    44.410000    34.080000    0     0     786236407    1858106013
1525724261    45.410000    34.080000    0     0     789866263    1901989134
1525724263    43.720000    34.080000    0     0     793487315    1945746647
1525724265    35.190000    34.080000    0     0     796631185    1983732707
1525724267    19.780000    34.080000    0     0     798143333    2002004831
1525724269    16.280000    34.080000    0     0     799464001    2017965338
1525724271    0.020000    34.080000    0     0     799598496    2019583403
1525724273    0.010000    34.080000    0     0     799598496    2019583403
1525724275    0.010000    34.080000    0     0     799598496    2019583403
1525724277    0.010000    34.080000    0     0     799598496    2019583403
1525724279    0.010000    34.080000    0     0     799598496    2019583403
1525724281    0.010000    34.080000    0     0     799598496    2019583403
1525724283    0.010000    34.080000    0     0     799598496    2019583403
1525724285    0.010000    34.080000    0     0     799598496    2019583403
1525724287    0.010000    34.080000    0     0     799598496    2019583403
1525724289    0.010000    34.080000    0     0     799598496    2019583403
1525724291    0.010000    34.080000    0     0     799598496    2019583403
1525724293    0.010000    34.080000    0     0     799598496    2019583403
1525724295    0.010000    34.080000    0     0     799598496    2019583403
1525724297    0.010000    34.080000    0     0     799598496    2019583403
1525724299    0.010000    34.080000    0     0     799598496    2019583403
1525724301    0.010000    34.080000    0     0     799598496    2019583403
1525724303    0.010000    34.080000    0     0     799598496    2019583403
1525724305    0.010000    34.080000    0     0     799598496    2019583403
1525724307    0.010000    34.080000    0     0     799598496    2019583403
1525724309    0.010000    34.080000    0     0     799598496    2019583403
1525724311    0.010000    34.080000    0     0     799598496    2019583403
1525724313    0.010000    34.080000    0     0     799598496    2019583403
1525724315    0.010000    34.080000    0     0     799598496    2019583403
1525724317    0.010000    34.080000    0     0     799598496    2019583403
1525724319    0.010000    34.080000    0     0     799598496    2019583403
1525724321    0.010000    34.080000    0     0     799598496    2019583403
1525724323    0.010000    34.080000    0     0     799598496    2019583403
1525724325    0.010000    34.080000    0     0     799598496    2019583403
