1525723942    0.070000    0.160000    0     0     486    0
1525723944    0.020000    0.160000    0     0     1982    0
1525723946    0.020000    0.160000    0     0     2288    0
1525723948    0.010000    0.160000    0     0     2557    0
1525723950    0.010000    0.160000    0     0     2664    0
1525723952    0.010000    0.160000    0     0     2664    0
1525723954    0.010000    0.160000    0     0     2664    0
1525723956    0.010000    0.160000    0     0     2734    0
1525723958    0.010000    0.160000    0     0     2841    0
1525723960    0.010000    0.160000    0     0     2841    0
1525723962    0.010000    0.160000    0     0     2841    0
1525723964    0.010000    0.160000    0     0     2841    0
1525723966    0.010000    0.160000    0     0     2841    0
1525723968    0.010000    0.160000    0     0     2841    0
1525723970    0.010000    0.160000    0     0     2841    0
1525723972    0.010000    0.160000    0     0     2911    0
1525723974    0.020000    0.160000    0     0     3018    0
1525723976    0.010000    0.160000    0     0     3018    0
1525723978    0.010000    0.160000    0     0     3018    0
1525723980    0.010000    0.160000    0     0     3018    0
1525723982    0.010000    0.160000    0     0     3018    0
1525723984    0.010000    0.160000    0     0     3018    0
1525723986    0.010000    0.160000    0     0     3018    0
1525723988    0.010000    0.160000    0     0     3018    0
1525723990    0.010000    0.160000    0     0     3018    0
1525723992    0.010000    0.160000    0     0     3018    0
1525723994    0.010000    0.160000    0     0     3018    0
1525723996    0.010000    0.160000    0     0     3018    0
1525723998    0.010000    0.160000    0     0     3018    0
1525724000    0.010000    0.160000    0     0     3018    0
1525724002    0.010000    0.160000    0     0     3018    0
1525724004    0.010000    0.160000    0     0     3018    0
1525724006    0.010000    0.160000    0     0     3195    0
1525724008    0.030000    0.160000    0     0     3195    0
1525724010    68.760000    1.980000    0     0     16424323    957960
1525724012    79.550000    4.910000    0     0     45317708    2640092
1525724014    52.670000    7.560000    0     0     71977359    4192754
1525724016    48.220000    9.670000    0     0     92110445    5365968
1525724018    57.650000    12.320000    0     0     118284213    6889032
1525724020    61.490000    15.010000    0     0     145044782    8445622
1525724022    69.730000    17.930000    0     0     173070181    10076056
1525724024    64.800000    20.230000    0     0     196189094    11423018
1525724026    38.540000    22.330000    0     0     216905362    12629182
1525724028    52.220000    24.910000    0     0     241908107    14086042
1525724030    78.060000    28.380000    0     0     275226753    16024826
1525724032    76.920000    32.120000    0     0     311855525    18156026
1525724034    73.860000    35.700000    0     0     346925471    20196198
1525724036    80.950000    39.630000    0     0     385774703    22457034
1525724038    70.080000    42.100000    0     0     410106044    23875160
1525724040    70.780000    45.390000    0     0     442553857    25762826
1525724042    66.920000    47.860000    0     0     467485017    27214172
1525724044    65.490000    50.890000    0     0     496554560    28905722
1525724046    43.000000    53.060000    0     0     516694842    30077874
1525724048    65.140000    55.410000    0     0     540323733    31454046
1525724050    77.660000    58.420000    0     0     570026849    33184131
1525724052    29.670000    59.970000    0     0     585462395    34083579
1525724054    30.550000    60.880000    0     0     594072599    34584702
1525724056    27.350000    61.630000    0     0     601373522    35010976
1525724058    15.770000    62.250000    0     0     607504954    35367656
1525724060    21.910000    63.430000    0     0     618994846    36035950
1525724062    13.550000    64.170000    0     0     626853254    36493414
1525724064    18.550000    65.000000    0     0     634440480    36935188
1525724066    1.660000    65.170000    0     0     636874636    37077412
1525724068    0.220000    65.170000    0     0     636874636    37077412
1525724070    0.170000    65.160000    0     0     636874743    37077412
1525724072    0.270000    65.160000    0     0     636874743    37077412
1525724074    0.030000    65.160000    0     0     636874743    37077412
1525724076    0.200000    65.160000    0     0     636874813    37077412
1525724078    0.260000    65.160000    0     0     636874813    37077412
1525724080    0.070000    65.160000    0     0     636874813    37077412
1525724082    0.020000    65.160000    0     0     636874813    37077412
1525724084    0.020000    65.160000    0     0     636874813    37077412
1525724086    0.010000    65.160000    0     0     636874813    37077412
1525724088    0.020000    65.160000    0     0     636874813    37077412
1525724090    0.020000    65.160000    0     0     636874813    37077412
1525724092    0.020000    65.160000    0     0     636874813    37077412
1525724094    0.020000    65.160000    0     0     636874813    37077412
1525724096    0.010000    65.160000    0     0     636874813    37077412
1525724098    0.020000    65.160000    0     0     636874813    37077412
1525724100    0.020000    65.160000    0     0     636874813    37077412
1525724102    0.020000    65.160000    0     0     636874813    37077412
1525724104    0.020000    65.160000    0     0     636874813    37077412
1525724106    0.020000    65.160000    0     0     636874813    37077412
1525724108    0.020000    65.160000    0     0     636874813    37077412
1525724110    0.020000    65.160000    0     0     636874813    37077412
1525724112    0.020000    65.160000    0     0     636874813    37077412
1525724114    0.020000    65.160000    0     0     636874813    37077412
1525724116    0.020000    65.160000    0     0     636874813    37077412
1525724118    0.020000    65.160000    0     0     636874813    37077412
1525724120    0.020000    65.160000    0     0     636874813    37077412
1525724122    0.020000    65.160000    0     0     636874813    37077412
1525724124    0.020000    65.160000    0     0     636874813    37077412
1525724126    0.020000    65.160000    0     0     636874813    37077412
1525724128    0.020000    65.160000    0     0     636874813    37077412
1525724130    0.020000    65.160000    0     0     636874813    37077412
1525724132    0.020000    65.160000    0     0     636874813    37077412
1525724134    0.020000    65.160000    0     0     636874813    37077412
1525724136    24.510000    65.160000    0     0     636874813    37077412
1525724138    0.010000    65.160000    0     0     636874813    37077412
1525724140    0.010000    65.160000    0     0     636874813    37077412
1525724142    0.020000    65.160000    0     0     636874813    37077412
1525724144    0.010000    65.160000    0     0     636874813    37077412
1525724146    0.010000    65.160000    0     0     636874813    37077412
1525724148    0.010000    65.160000    0     0     636874813    37077412
1525724150    0.020000    65.160000    0     0     636874813    37077412
1525724152    0.020000    65.160000    0     0     636874813    37077412
1525724154    0.020000    65.160000    0     0     636874813    37077412
1525724156    0.020000    65.160000    0     0     636874813    37077412
1525724158    0.020000    65.160000    0     0     636874813    37077412
1525724160    0.020000    65.160000    0     0     636874813    37077412
1525724162    0.020000    65.160000    0     0     636874813    37077412
1525724164    0.020000    65.160000    0     0     636874813    37077412
1525724166    0.020000    65.160000    0     0     636874813    37077412
1525724168    77.120000    65.160000    0     0     638517842    56868420
1525724170    63.870000    65.160000    0     0     641331716    90884719
1525724172    87.180000    65.160000    0     0     644606819    130463925
1525724174    90.110000    65.160000    0     0     648088527    172563486
1525724176    59.880000    65.160000    0     0     650864804    206124329
1525724178    90.150000    65.160000    0     0     654304139    247706299
1525724180    87.240000    65.160000    0     0     657744457    289297411
1525724182    86.960000    65.160000    0     0     661143565    330384971
1525724184    68.810000    65.160000    0     0     663437227    358106249
1525724186    36.120000    65.160000    0     0     665791197    386544368
1525724188    61.850000    65.160000    0     0     667957806    412728248
1525724190    69.020000    65.160000    0     0     670334999    441455408
1525724192    88.370000    65.160000    0     0     673783371    483144354
1525724194    89.460000    65.160000    0     0     677230301    524819544
1525724196    69.510000    65.160000    0     0     680215314    560905940
1525724198    87.910000    65.160000    0     0     683444584    599933137
1525724200    86.480000    65.160000    0     0     686831330    640893767
1525724202    79.400000    65.160000    0     0     689569796    673979779
1525724204    73.590000    65.160000    0     0     692699229    711811503
1525724206    83.380000    65.160000    0     0     695974730    751415366
1525724208    73.740000    65.160000    0     0     698790033    785438406
1525724210    85.780000    65.160000    0     0     702148876    826046260
1525724212    83.160000    65.160000    0     0     705435188    865774415
1525724214    66.680000    65.160000    0     0     708160877    898724110
1525724216    78.700000    65.160000    0     0     711037210    933501227
1525724218    85.250000    65.160000    0     0     714411367    974295165
1525724220    80.830000    65.160000    0     0     717267429    1008819259
1525724222    86.510000    65.160000    0     0     720657870    1049809565
1525724224    62.890000    65.160000    0     0     723482374    1083954089
1525724226    84.780000    65.160000    0     0     726821235    1124320347
1525724228    82.500000    65.160000    0     0     730167884    1164770824
1525724230    80.880000    65.160000    0     0     733364456    1203422349
1525724232    79.460000    65.160000    0     0     736051595    1235895397
1525724234    72.750000    65.160000    0     0     738509078    1265580529
1525724236    83.830000    65.160000    0     0     741822787    1305642667
1525724238    83.970000    65.160000    0     0     744586760    1339059023
1525724240    76.060000    65.160000    0     0     747348196    1372436906
1525724242    71.550000    65.160000    0     0     750453251    1409970008
1525724244    88.690000    65.160000    0     0     753548555    1447387750
1525724246    76.610000    65.160000    0     0     756554940    1483726139
1525724248    78.810000    65.160000    0     0     759287845    1516766381
1525724250    85.690000    65.160000    0     0     762684709    1557833827
1525724252    73.420000    65.160000    0     0     765345553    1589999585
1525724254    61.950000    65.160000    0     0     767987597    1621936653
1525724256    84.470000    65.160000    0     0     770859617    1656649638
1525724258    71.870000    65.160000    0     0     773621329    1690044396
1525724260    83.440000    65.160000    0     0     776928624    1730021215
1525724262    91.080000    65.160000    0     0     780400721    1772006433
1525724264    78.840000    65.160000    0     0     783554505    1810121039
1525724266    42.260000    65.160000    0     0     785614866    1835009377
1525724268    36.260000    65.160000    0     0     786927371    1850879055
1525724270    7.130000    65.160000    0     0     787599425    1858992051
1525724272    0.020000    65.160000    0     0     787599467    1858992093
1525724274    0.010000    65.160000    0     0     787599467    1858992093
1525724276    0.010000    65.160000    0     0     787599467    1858992093
1525724278    0.010000    65.160000    0     0     787599467    1858992093
1525724280    0.020000    65.160000    0     0     787599467    1858992093
1525724282    0.010000    65.160000    0     0     787599467    1858992093
1525724284    0.010000    65.160000    0     0     787599467    1858992093
1525724286    0.020000    65.160000    0     0     787599467    1858992093
1525724288    0.010000    65.160000    0     0     787599467    1858992093
1525724290    0.010000    65.160000    0     0     787599467    1858992093
1525724292    0.010000    65.160000    0     0     787599467    1858992093
1525724294    0.010000    65.160000    0     0     787599467    1858992093
1525724296    0.010000    65.160000    0     0     787599467    1858992093
1525724298    0.010000    65.160000    0     0     787599467    1858992093
1525724300    0.010000    65.160000    0     0     787599467    1858992093
1525724302    0.010000    65.160000    0     0     787599467    1858992093
1525724304    0.010000    65.160000    0     0     787599467    1858992093
1525724306    0.010000    65.160000    0     0     787599467    1858992093
1525724308    0.010000    65.160000    0     0     787599467    1858992093
1525724310    0.010000    65.160000    0     0     787599467    1858992093
1525724312    0.010000    65.160000    0     0     787599467    1858992093
1525724314    0.010000    65.160000    0     0     787599467    1858992093
1525724316    0.010000    65.160000    0     0     787599467    1858992093
1525724318    0.020000    65.160000    0     0     787599467    1858992093
1525724320    0.020000    65.160000    0     0     787599467    1858992093
1525724322    8.000000    65.160000    0     0     787599467    1858992093
1525724324    0.020000    65.160000    0     0     787599467    1858992093
1525724326    0.010000    65.160000    0     0     787599467    1858992093
