1525723982    0.010000    0.160000    0     0     3018    0
1525723984    0.010000    0.160000    0     0     3018    0
1525723986    0.010000    0.160000    0     0     3018    0
1525723988    0.010000    0.160000    0     0     3018    0
1525723990    0.010000    0.160000    0     0     3018    0
1525723992    0.010000    0.160000    0     0     3018    0
1525723994    0.010000    0.160000    0     0     3018    0
1525723996    0.010000    0.160000    0     0     3018    0
1525723998    0.010000    0.160000    0     0     3018    0
1525724000    0.010000    0.160000    0     0     3018    0
1525724002    0.010000    0.160000    0     0     3018    0
1525724004    0.010000    0.160000    0     0     3018    0
1525724006    0.010000    0.160000    0     0     3195    0
1525724008    0.030000    0.160000    0     0     3195    0
1525724010    68.760000    1.980000    0     0     16424323    957960
1525724012    79.550000    4.910000    0     0     45317708    2640092
1525724014    52.670000    7.560000    0     0     71977359    4192754
1525724016    48.220000    9.670000    0     0     92110445    5365968
1525724018    57.650000    12.320000    0     0     118284213    6889032
1525724020    61.490000    15.010000    0     0     145044782    8445622
1525724022    69.730000    17.930000    0     0     173070181    10076056
1525724024    64.800000    20.230000    0     0     196189094    11423018
1525724026    38.540000    22.330000    0     0     216905362    12629182
1525724028    52.220000    24.910000    0     0     241908107    14086042
1525724030    78.060000    28.380000    0     0     275226753    16024826
1525724032    76.920000    32.120000    0     0     311855525    18156026
1525724034    73.860000    35.700000    0     0     346925471    20196198
1525724036    80.950000    39.630000    0     0     385774703    22457034
1525724038    70.080000    42.100000    0     0     410106044    23875160
1525724040    70.780000    45.390000    0     0     442553857    25762826
1525724042    66.920000    47.860000    0     0     467485017    27214172
1525724044    65.490000    50.890000    0     0     496554560    28905722
1525724046    43.000000    53.060000    0     0     516694842    30077874
1525724048    65.140000    55.410000    0     0     540323733    31454046
1525724050    77.660000    58.420000    0     0     570026849    33184131
1525724052    29.670000    59.970000    0     0     585462395    34083579
1525724054    30.550000    60.880000    0     0     594072599    34584702
1525724056    27.350000    61.630000    0     0     601373522    35010976
1525724058    15.770000    62.250000    0     0     607504954    35367656
1525724060    21.910000    63.430000    0     0     618994846    36035950
1525724062    13.550000    64.170000    0     0     626853254    36493414
1525724064    18.550000    65.000000    0     0     634440480    36935188
1525724066    1.660000    65.170000    0     0     636874636    37077412
1525724068    0.220000    65.170000    0     0     636874636    37077412
1525724070    0.170000    65.160000    0     0     636874743    37077412
1525724072    0.270000    65.160000    0     0     636874743    37077412
1525724074    0.030000    65.160000    0     0     636874743    37077412
1525724076    0.200000    65.160000    0     0     636874813    37077412
1525724078    0.260000    65.160000    0     0     636874813    37077412
1525724080    0.070000    65.160000    0     0     636874813    37077412
1525724082    0.020000    65.160000    0     0     636874813    37077412
1525724084    0.020000    65.160000    0     0     636874813    37077412
1525724086    0.010000    65.160000    0     0     636874813    37077412
1525724088    0.020000    65.160000    0     0     636874813    37077412
1525724090    0.020000    65.160000    0     0     636874813    37077412
1525724092    0.020000    65.160000    0     0     636874813    37077412
1525724094    0.020000    65.160000    0     0     636874813    37077412
1525724096    0.010000    65.160000    0     0     636874813    37077412
1525724098    0.020000    65.160000    0     0     636874813    37077412
1525724100    0.020000    65.160000    0     0     636874813    37077412
