1525724139    0.010000    34.080000    0     0     635556275    36999802
1525724141    0.010000    34.080000    0     0     635556275    36999802
1525724143    0.010000    34.080000    0     0     635556275    36999802
1525724145    0.010000    34.080000    0     0     635556275    36999802
1525724147    0.010000    34.080000    0     0     635556275    36999802
1525724149    0.010000    34.080000    0     0     635556275    36999802
1525724151    0.010000    34.080000    0     0     635556275    36999802
1525724153    0.010000    34.080000    0     0     635556275    36999802
1525724155    0.010000    34.080000    0     0     635556275    36999802
1525724157    0.010000    34.080000    0     0     635556275    36999802
1525724159    0.010000    34.080000    0     0     635556275    36999802
1525724161    0.010000    34.080000    0     0     635556275    36999802
1525724163    0.000000    34.080000    0     0     635556275    36999802
1525724165    0.010000    34.080000    0     0     635556275    36999802
1525724167    5.480000    34.080000    0     0     635788287    39723848
1525724169    45.290000    34.080000    0     0     639215185    81145710
1525724171    44.230000    34.080000    0     0     642186209    117042981
1525724173    45.830000    34.080000    0     0     645950454    162550837
1525724175    46.450000    34.080000    0     0     649657212    207352533
1525724177    44.730000    34.080000    0     0     652658645    243623973
1525724179    45.590000    34.080000    0     0     656423933    289147264
1525724181    46.570000    34.080000    0     0     660181106    334557904
1525724183    29.910000    34.080000    0     0     663143679    370358455
1525724185    45.780000    34.080000    0     0     666422972    409979712
1525724187    30.750000    34.080000    0     0     668268197    432276196
1525724189    30.550000    34.080000    0     0     670654128    461110818
1525724191    46.820000    34.080000    0     0     673912782    500477003
1525724193    46.870000    34.080000    0     0     677666996    545853338
1525724195    45.950000    34.080000    0     0     681426661    591302218
1525724197    42.410000    34.080000    0     0     684433950    627639573
1525724199    46.970000    34.080000    0     0     688197424    673134259
1525724201    34.690000    34.080000    0     0     691402352    711868274
1525724203    44.820000    34.080000    0     0     694876514    753852598
1525724205    43.770000    34.080000    0     0     698197138    793994017
1525724207    39.670000    34.080000    0     0     701587435    834962388
1525724209    43.600000    34.080000    0     0     704929590    875364842
1525724211    42.300000    34.080000    0     0     708481488    918303389
1525724213    39.810000    34.080000    0     0     711947318    960202011
1525724215    37.940000    34.080000    0     0     714729256    993816880
1525724217    45.150000    34.080000    0     0     718259089    1036482716
1525724219    37.570000    34.080000    0     0     721480235    1075433624
1525724221    45.580000    34.080000    0     0     725057687    1118670300
1525724223    45.560000    34.080000    0     0     728735120    1163119062
1525724225    44.330000    34.080000    0     0     731737487    1199402185
1525724227    45.330000    34.080000    0     0     735415271    1243863786
1525724229    42.300000    34.080000    0     0     738973979    1286888728
1525724231    31.380000    34.080000    0     0     741920178    1322494544
1525724233    31.970000    34.080000    0     0     744823861    1357572383
1525724235    44.050000    34.080000    0     0     748170685    1398016386
1525724237    32.000000    34.080000    0     0     751137371    1433882491
1525724239    36.720000    34.080000    0     0     754312281    1472259310
1525724241    45.970000    34.080000    0     0     757826679    1514732048
1525724243    38.000000    34.080000    0     0     760835082    1551086661
1525724245    39.660000    34.080000    0     0     764330828    1593351708
1525724247    33.560000    34.080000    0     0     767289974    1629106406
1525724249    45.640000    34.080000    0     0     770750700    1670929168
1525724251    35.350000    34.080000    0     0     773944827    1709544855
1525724253    40.990000    34.080000    0     0     777072158    1747334719
1525724255    34.590000    34.080000    0     0     779613264    1778058258
1525724257    39.540000    34.080000    0     0     782975412    1818686101
1525724259    44.410000    34.080000    0     0     786236407    1858106013
1525724261    45.410000    34.080000    0     0     789866263    1901989134
1525724263    43.720000    34.080000    0     0     793487315    1945746647
1525724265    35.190000    34.080000    0     0     796631185    1983732707
1525724267    19.780000    34.080000    0     0     798143333    2002004831
1525724269    16.280000    34.080000    0     0     799464001    2017965338
1525724271    0.020000    34.080000    0     0     799598496    2019583403
1525724273    0.010000    34.080000    0     0     799598496    2019583403
1525724275    0.010000    34.080000    0     0     799598496    2019583403
1525724277    0.010000    34.080000    0     0     799598496    2019583403
1525724279    0.010000    34.080000    0     0     799598496    2019583403
1525724281    0.010000    34.080000    0     0     799598496    2019583403
1525724283    0.010000    34.080000    0     0     799598496    2019583403
1525724285    0.010000    34.080000    0     0     799598496    2019583403
1525724287    0.010000    34.080000    0     0     799598496    2019583403
1525724289    0.010000    34.080000    0     0     799598496    2019583403
1525724291    0.010000    34.080000    0     0     799598496    2019583403
1525724293    0.010000    34.080000    0     0     799598496    2019583403
1525724295    0.010000    34.080000    0     0     799598496    2019583403
1525724297    0.010000    34.080000    0     0     799598496    2019583403
