1525724140    0.010000    65.160000    0     0     636874813    37077412
1525724142    0.020000    65.160000    0     0     636874813    37077412
1525724144    0.010000    65.160000    0     0     636874813    37077412
1525724146    0.010000    65.160000    0     0     636874813    37077412
1525724148    0.010000    65.160000    0     0     636874813    37077412
1525724150    0.020000    65.160000    0     0     636874813    37077412
1525724152    0.020000    65.160000    0     0     636874813    37077412
1525724154    0.020000    65.160000    0     0     636874813    37077412
1525724156    0.020000    65.160000    0     0     636874813    37077412
1525724158    0.020000    65.160000    0     0     636874813    37077412
1525724160    0.020000    65.160000    0     0     636874813    37077412
1525724162    0.020000    65.160000    0     0     636874813    37077412
1525724164    0.020000    65.160000    0     0     636874813    37077412
1525724166    0.020000    65.160000    0     0     636874813    37077412
1525724168    77.120000    65.160000    0     0     638517842    56868420
1525724170    63.870000    65.160000    0     0     641331716    90884719
1525724172    87.180000    65.160000    0     0     644606819    130463925
1525724174    90.110000    65.160000    0     0     648088527    172563486
1525724176    59.880000    65.160000    0     0     650864804    206124329
1525724178    90.150000    65.160000    0     0     654304139    247706299
1525724180    87.240000    65.160000    0     0     657744457    289297411
1525724182    86.960000    65.160000    0     0     661143565    330384971
1525724184    68.810000    65.160000    0     0     663437227    358106249
1525724186    36.120000    65.160000    0     0     665791197    386544368
1525724188    61.850000    65.160000    0     0     667957806    412728248
1525724190    69.020000    65.160000    0     0     670334999    441455408
1525724192    88.370000    65.160000    0     0     673783371    483144354
1525724194    89.460000    65.160000    0     0     677230301    524819544
1525724196    69.510000    65.160000    0     0     680215314    560905940
1525724198    87.910000    65.160000    0     0     683444584    599933137
1525724200    86.480000    65.160000    0     0     686831330    640893767
1525724202    79.400000    65.160000    0     0     689569796    673979779
1525724204    73.590000    65.160000    0     0     692699229    711811503
1525724206    83.380000    65.160000    0     0     695974730    751415366
1525724208    73.740000    65.160000    0     0     698790033    785438406
1525724210    85.780000    65.160000    0     0     702148876    826046260
1525724212    83.160000    65.160000    0     0     705435188    865774415
1525724214    66.680000    65.160000    0     0     708160877    898724110
1525724216    78.700000    65.160000    0     0     711037210    933501227
1525724218    85.250000    65.160000    0     0     714411367    974295165
1525724220    80.830000    65.160000    0     0     717267429    1008819259
1525724222    86.510000    65.160000    0     0     720657870    1049809565
1525724224    62.890000    65.160000    0     0     723482374    1083954089
1525724226    84.780000    65.160000    0     0     726821235    1124320347
1525724228    82.500000    65.160000    0     0     730167884    1164770824
1525724230    80.880000    65.160000    0     0     733364456    1203422349
1525724232    79.460000    65.160000    0     0     736051595    1235895397
1525724234    72.750000    65.160000    0     0     738509078    1265580529
1525724236    83.830000    65.160000    0     0     741822787    1305642667
1525724238    83.970000    65.160000    0     0     744586760    1339059023
1525724240    76.060000    65.160000    0     0     747348196    1372436906
1525724242    71.550000    65.160000    0     0     750453251    1409970008
1525724244    88.690000    65.160000    0     0     753548555    1447387750
1525724246    76.610000    65.160000    0     0     756554940    1483726139
1525724248    78.810000    65.160000    0     0     759287845    1516766381
1525724250    85.690000    65.160000    0     0     762684709    1557833827
1525724252    73.420000    65.160000    0     0     765345553    1589999585
1525724254    61.950000    65.160000    0     0     767987597    1621936653
1525724256    84.470000    65.160000    0     0     770859617    1656649638
1525724258    71.870000    65.160000    0     0     773621329    1690044396
1525724260    83.440000    65.160000    0     0     776928624    1730021215
1525724262    91.080000    65.160000    0     0     780400721    1772006433
1525724264    78.840000    65.160000    0     0     783554505    1810121039
1525724266    42.260000    65.160000    0     0     785614866    1835009377
1525724268    36.260000    65.160000    0     0     786927371    1850879055
1525724270    7.130000    65.160000    0     0     787599425    1858992051
1525724272    0.020000    65.160000    0     0     787599467    1858992093
1525724274    0.010000    65.160000    0     0     787599467    1858992093
1525724276    0.010000    65.160000    0     0     787599467    1858992093
1525724278    0.010000    65.160000    0     0     787599467    1858992093
1525724280    0.020000    65.160000    0     0     787599467    1858992093
1525724282    0.010000    65.160000    0     0     787599467    1858992093
1525724284    0.010000    65.160000    0     0     787599467    1858992093
1525724286    0.020000    65.160000    0     0     787599467    1858992093
1525724288    0.010000    65.160000    0     0     787599467    1858992093
1525724290    0.010000    65.160000    0     0     787599467    1858992093
1525724292    0.010000    65.160000    0     0     787599467    1858992093
1525724294    0.010000    65.160000    0     0     787599467    1858992093
1525724296    0.010000    65.160000    0     0     787599467    1858992093
1525724298    0.010000    65.160000    0     0     787599467    1858992093
