1525724756    0.030000    0.080000    0     0     1355    0
1525724758    0.010000    0.080000    0     0     2181    0
1525724760    0.010000    0.080000    0     0     2557    0
1525724762    0.010000    0.080000    0     0     2557    0
1525724764    0.010000    0.080000    0     0     2664    0
1525724766    0.010000    0.080000    0     0     2664    0
1525724768    0.010000    0.080000    0     0     2664    0
1525724770    0.010000    0.080000    0     0     2734    0
1525724772    0.010000    0.080000    0     0     2841    0
1525724774    0.010000    0.080000    0     0     2841    0
1525724776    0.010000    0.080000    0     0     2841    0
1525724778    0.010000    0.080000    0     0     2841    0
1525724780    0.010000    0.080000    0     0     2841    0
1525724782    0.010000    0.080000    0     0     2841    0
1525724784    0.010000    0.080000    0     0     2841    0
1525724786    0.010000    0.080000    0     0     2911    0
1525724788    0.010000    0.080000    0     0     3018    0
1525724790    0.010000    0.080000    0     0     3018    0
1525724792    0.010000    0.080000    0     0     3018    0
1525724794    0.010000    0.080000    0     0     3018    0
1525724796    0.010000    0.080000    0     0     3018    0
1525724798    0.010000    0.080000    0     0     3018    0
1525724800    0.010000    0.080000    0     0     3018    0
1525724802    0.010000    0.080000    0     0     3018    0
1525724804    0.010000    0.080000    0     0     3018    0
1525724806    0.010000    0.080000    0     0     3018    0
1525724808    0.010000    0.080000    0     0     3018    0
1525724810    0.010000    0.080000    0     0     3018    0
1525724812    0.010000    0.080000    0     0     3018    0
1525724814    0.010000    0.080000    0     0     3018    0
1525724816    0.010000    0.080000    0     0     3018    0
1525724818    0.010000    0.080000    0     0     3018    0
1525724820    44.880000    2.040000    0     0     35742804    2081798
1525724822    42.670000    4.100000    0     0     74503249    4336726
1525724824    41.770000    6.210000    0     0     114100349    6640314
1525724826    44.460000    8.250000    0     0     151802460    8833304
1525724828    35.510000    10.310000    0     0     190169921    11066032
1525724830    42.490000    12.460000    0     0     230753823    13427364
1525724832    47.580000    14.770000    0     0     273216450    15897632
1525724834    34.050000    16.680000    0     0     309761829    18023866
1525724836    41.670000    18.740000    0     0     348594245    20283304
1525724838    38.030000    20.460000    0     0     380984530    22167632
1525724840    40.200000    22.330000    0     0     415404075    24169624
1525724842    38.920000    24.110000    0     0     449081985    26129654
1525724844    36.080000    26.110000    0     0     487089427    28341210
1525724846    47.900000    28.170000    0     0     523954588    30486894
1525724848    42.730000    30.410000    0     0     566345792    32952648
1525724850    42.450000    32.610000    0     0     607407880    35342548
1525724852    8.270000    33.370000    0     0     621840599    36183769
1525724854    12.050000    34.050000    0     0     634126087    36898608
1525724856    0.540000    34.130000    0     0     636682519    37047904
1525724858    0.010000    34.130000    0     0     636682519    37047904
1525724860    0.140000    34.130000    0     0     636682519    37047904
1525724862    0.200000    34.130000    0     0     636682519    37047904
1525724864    0.120000    34.130000    0     0     636682519    37047904
1525724866    0.010000    34.130000    0     0     636682519    37047904
1525724868    0.010000    34.130000    0     0     636682519    37047904
1525724870    0.010000    34.130000    0     0     636682519    37047904
1525724872    0.010000    34.130000    0     0     636682519    37047904
1525724874    0.010000    34.130000    0     0     636682519    37047904
1525724876    0.010000    34.130000    0     0     636682519    37047904
1525724878    0.010000    34.130000    0     0     636682519    37047904
1525724880    0.010000    34.130000    0     0     636682519    37047904
1525724882    0.010000    34.130000    0     0     636682519    37047904
1525724884    0.010000    34.130000    0     0     636682626    37047904
1525724886    0.010000    34.130000    0     0     636682626    37047904
1525724888    0.010000    34.130000    0     0     636682626    37047904
1525724890    0.010000    34.130000    0     0     636682626    37047904
1525724892    0.010000    34.130000    0     0     636682626    37047904
1525724894    0.010000    34.130000    0     0     636682626    37047904
1525724896    0.010000    34.130000    0     0     636682696    37047904
1525724898    0.010000    34.130000    0     0     636682696    37047904
1525724900    0.010000    34.130000    0     0     636682696    37047904
1525724902    0.010000    34.130000    0     0     636682696    37047904
1525724904    0.010000    34.130000    0     0     636682696    37047904
1525724906    0.010000    34.130000    0     0     636682696    37047904
1525724908    0.010000    34.130000    0     0     636682696    37047904
1525724910    0.010000    34.130000    0     0     636682696    37047904
1525724912    0.010000    34.130000    0     0     636682696    37047904
1525724914    0.010000    34.130000    0     0     636682696    37047904
1525724916    0.010000    34.130000    0     0     636682696    37047904
1525724918    0.010000    34.130000    0     0     636682696    37047904
1525724920    0.010000    34.130000    0     0     636682696    37047904
1525724922    0.010000    34.130000    0     0     636682696    37047904
1525724924    0.010000    34.130000    0     0     636682696    37047904
1525724926    0.010000    34.130000    0     0     636682696    37047904
1525724928    0.010000    34.130000    0     0     636682696    37047904
1525724930    0.010000    34.130000    0     0     636682696    37047904
1525724932    35.140000    34.130000    0     0     638283291    56325407
1525724934    33.020000    34.130000    0     0     640735677    85958952
1525724936    39.880000    34.130000    0     0     643816348    123189288
1525724938    42.390000    34.130000    0     0     647161133    163620027
1525724940    36.830000    34.130000    0     0     649928958    197070691
1525724942    41.480000    34.130000    0     0     653074152    235081332
1525724944    40.630000    34.130000    0     0     656278833    273813410
1525724946    42.160000    34.130000    0     0     659537163    313198229
1525724948    40.790000    34.130000    0     0     662898782    353830771
1525724950    40.730000    34.130000    0     0     666170787    393382847
1525724952    32.280000    34.130000    0     0     668796359    425103642
1525724954    42.760000    34.130000    0     0     672108012    465120715
1525724956    42.140000    34.130000    0     0     675512907    506288887
1525724958    39.370000    34.130000    0     0     678778349    545751680
1525724960    33.800000    34.130000    0     0     681564940    579431734
1525724962    42.490000    34.130000    0     0     684798342    618515224
1525724964    41.310000    34.130000    0     0     688136358    658856870
1525724966    33.800000    34.130000    0     0     690781015    690821766
1525724968    38.890000    34.130000    0     0     693431616    722857339
1525724970    42.320000    34.130000    0     0     696159459    755820087
1525724972    40.840000    34.130000    0     0     699470297    795834278
1525724974    40.120000    34.130000    0     0     702748416    835462128
1525724976    41.950000    34.130000    0     0     706089359    875848047
1525724978    34.420000    34.130000    0     0     708888953    909677069
1525724980    33.990000    34.130000    0     0     711326249    939135877
1525724982    41.980000    34.130000    0     0     714234333    974281610
1525724984    39.970000    34.130000    0     0     716802992    1005309315
1525724986    41.630000    34.130000    0     0     720176695    1046086845
1525724988    36.230000    34.130000    0     0     722879272    1078752156
1525724990    34.700000    34.130000    0     0     725972247    1116132529
1525724992    42.040000    34.130000    0     0     728875242    1151217461
1525724994    33.170000    34.130000    0     0     731561996    1183678312
1525724996    28.720000    34.130000    0     0     733893938    1211829083
1525724998    41.540000    34.130000    0     0     737361573    1253742136
1525725000    41.610000    34.130000    0     0     740652072    1293512085
1525725002    41.910000    34.130000    0     0     743488047    1327776948
1525725004    43.410000    34.130000    0     0     746924266    1369313744
1525725006    25.710000    34.130000    0     0     749345332    1398557113
1525725008    43.030000    34.130000    0     0     751931389    1429795135
1525725010    43.950000    34.130000    0     0     755411654    1471861848
1525725012    37.740000    34.130000    0     0     758250100    1506164125
1525725014    16.710000    34.130000    0     0     760537301    1533779889
1525725016    31.290000    34.130000    0     0     762564167    1558260107
1525725018    41.160000    34.130000    0     0     765726001    1596468317
1525725020    38.480000    34.130000    0     0     768536904    1630443278
1525725022    34.120000    34.130000    0     0     771417148    1665252405
1525725024    31.830000    34.130000    0     0     773945201    1695802317
1525725026    39.410000    34.130000    0     0     776844838    1730849177
1525725028    40.330000    34.130000    0     0     779634283    1764544970
1525725030    36.730000    34.130000    0     0     782460439    1798683624
1525725032    13.630000    34.130000    0     0     783763050    1814427011
1525725034    24.420000    34.130000    0     0     785422968    1834488443
1525725036    18.760000    34.130000    0     0     787019614    1853781176
1525725038    0.020000    34.130000    0     0     787246502    1856514105
1525725040    0.010000    34.130000    0     0     787246502    1856514105
1525725042    0.010000    34.130000    0     0     787246502    1856514105
1525725044    0.010000    34.130000    0     0     787246502    1856514105
1525725046    0.010000    34.130000    0     0     787246502    1856514105
1525725048    0.010000    34.130000    0     0     787246502    1856514105
1525725050    0.010000    34.130000    0     0     787246502    1856514105
1525725052    0.010000    34.130000    0     0     787246502    1856514105
1525725054    0.010000    34.130000    0     0     787246502    1856514105
1525725056    0.010000    34.130000    0     0     787246502    1856514105
1525725058    0.010000    34.130000    0     0     787246502    1856514105
1525725060    0.010000    34.130000    0     0     787246572    1856514105
1525725062    0.010000    34.130000    0     0     787246572    1856514105
1525725064    0.010000    34.130000    0     0     787246572    1856514105
1525725066    0.010000    34.130000    0     0     787246572    1856514105
1525725068    0.010000    34.130000    0     0     787246572    1856514105
1525725070    0.010000    34.130000    0     0     787246572    1856514105
1525725072    0.010000    34.130000    0     0     787246572    1856514105
1525725074    0.010000    34.130000    0     0     787246572    1856514105
1525725076    0.010000    34.130000    0     0     787246572    1856514105
1525725078    0.010000    34.130000    0     0     787246572    1856514105
1525725080    0.010000    34.130000    0     0     787246572    1856514105
1525725082    0.010000    34.130000    0     0     787246572    1856514105
1525725084    0.010000    34.130000    0     0     787246572    1856514105
1525725086    0.010000    34.130000    0     0     787246572    1856514105
1525725088    0.010000    34.130000    0     0     787246572    1856514105
1525725090    0.010000    34.130000    0     0     787246572    1856514105
1525725092    0.010000    34.130000    0     0     787246572    1856514105
1525725094    0.010000    34.130000    0     0     787246572    1856514105
1525725096    0.010000    34.130000    0     0     787246572    1856514105
1525725098    0.010000    34.130000    0     0     787246572    1856514105
1525725100    0.010000    34.130000    0     0     787246572    1856514105
1525725102    0.010000    34.130000    0     0     787246572    1856514105
