1525724757    0.030000    0.080000    0     0     266    0
1525724759    0.010000    0.080000    0     0     1762    0
1525724761    0.010000    0.080000    0     0     2068    0
1525724763    0.010000    0.080000    0     0     2337    0
1525724765    0.010000    0.080000    0     0     2444    0
1525724767    0.010000    0.080000    0     0     2444    0
1525724769    0.010000    0.080000    0     0     2444    0
1525724771    0.010000    0.080000    0     0     2514    0
1525724773    0.010000    0.080000    0     0     2621    0
1525724775    0.010000    0.080000    0     0     2621    0
1525724777    0.010000    0.080000    0     0     2621    0
1525724779    0.010000    0.080000    0     0     2621    0
1525724781    0.010000    0.080000    0     0     2621    0
1525724783    0.010000    0.080000    0     0     2621    0
1525724785    0.010000    0.080000    0     0     2621    0
1525724787    0.010000    0.080000    0     0     2621    0
1525724789    0.010000    0.080000    0     0     2798    0
1525724791    0.010000    0.080000    0     0     2798    0
1525724793    0.010000    0.080000    0     0     2798    0
1525724795    0.010000    0.080000    0     0     2798    0
1525724797    0.010000    0.080000    0     0     2798    0
1525724799    0.010000    0.080000    0     0     2798    0
1525724801    0.010000    0.080000    0     0     2798    0
1525724803    0.010000    0.080000    0     0     2798    0
1525724805    0.010000    0.080000    0     0     2798    0
1525724807    0.010000    0.080000    0     0     2798    0
1525724809    0.010000    0.080000    0     0     2798    0
1525724811    0.010000    0.080000    0     0     2798    0
1525724813    0.010000    0.080000    0     0     2798    0
1525724815    0.010000    0.080000    0     0     2798    0
1525724817    0.010000    0.080000    0     0     2798    0
1525724819    33.240000    0.950000    0     0     14737391    859392
1525724821    44.210000    3.150000    0     0     56057299    3263208
1525724823    42.820000    5.160000    0     0     94242800    5485132
1525724825    39.850000    7.150000    0     0     131309882    7641826
1525724827    45.040000    9.390000    0     0     173121196    10073984
1525724829    43.610000    11.310000    0     0     209714636    12203330
1525724831    43.810000    13.610000    0     0     252461957    14690100
1525724833    41.060000    15.860000    0     0     294191905    17117744
1525724835    40.460000    17.680000    0     0     328190710    19096200
1525724837    30.950000    19.510000    0     0     362136190    21071762
1525724839    34.540000    21.280000    0     0     396201787    23053408
1525724841    32.300000    23.140000    0     0     430522165    25050734
1525724843    42.650000    25.210000    0     0     469290459    27306106
1525724845    43.930000    27.180000    0     0     504086384    29330726
1525724847    45.370000    29.260000    0     0     544154311    31662442
1525724849    43.040000    31.510000    0     0     586656398    34135670
1525724851    22.930000    33.080000    0     0     616867872    35895227
1525724853    15.400000    33.660000    0     0     627568619    36517937
1525724855    6.820000    34.080000    0     0     635362835    36972112
1525724857    0.520000    34.080000    0     0     635362835    36972112
1525724859    0.030000    34.080000    0     0     635362835    36972112
1525724861    0.060000    34.080000    0     0     635362835    36972112
1525724863    0.140000    34.080000    0     0     635362835    36972112
1525724865    0.090000    34.080000    0     0     635362835    36972112
1525724867    0.010000    34.080000    0     0     635362835    36972112
1525724869    0.010000    34.080000    0     0     635362835    36972112
1525724871    0.010000    34.080000    0     0     635362835    36972112
1525724873    0.010000    34.080000    0     0     635362835    36972112
1525724875    0.000000    34.080000    0     0     635362835    36972112
1525724877    0.010000    34.080000    0     0     635362835    36972112
1525724879    0.000000    34.080000    0     0     635362835    36972112
1525724881    0.010000    34.080000    0     0     635362835    36972112
1525724883    0.010000    34.080000    0     0     635362835    36972112
1525724885    0.010000    34.080000    0     0     635362942    36972112
1525724887    0.010000    34.080000    0     0     635362942    36972112
1525724889    0.010000    34.080000    0     0     635362942    36972112
1525724891    0.010000    34.080000    0     0     635362942    36972112
1525724893    0.010000    34.080000    0     0     635363012    36972112
1525724895    0.010000    34.080000    0     0     635363012    36972112
1525724897    0.010000    34.080000    0     0     635363012    36972112
1525724899    0.010000    34.080000    0     0     635363012    36972112
1525724901    0.010000    34.080000    0     0     635363012    36972112
1525724903    0.010000    34.080000    0     0     635363012    36972112
1525724905    0.010000    34.080000    0     0     635363012    36972112
1525724907    0.010000    34.080000    0     0     635363012    36972112
1525724909    0.010000    34.080000    0     0     635363012    36972112
1525724911    0.010000    34.080000    0     0     635363012    36972112
1525724913    0.010000    34.080000    0     0     635363012    36972112
1525724915    0.010000    34.080000    0     0     635363012    36972112
1525724917    0.010000    34.080000    0     0     635363012    36972112
1525724919    0.010000    34.080000    0     0     635363012    36972112
1525724921    0.010000    34.080000    0     0     635363012    36972112
1525724923    0.010000    34.080000    0     0     635363012    36972112
1525724925    0.010000    34.080000    0     0     635363012    36972112
1525724927    0.010000    34.080000    0     0     635363012    36972112
1525724929    0.010000    34.080000    0     0     635363012    36972112
1525724931    7.750000    34.090000    0     0     635675658    40686659
1525724933    36.780000    34.080000    0     0     638438006    74077719
1525724935    42.770000    34.080000    0     0     641413760    110073763
1525724937    44.860000    34.080000    0     0     644922051    152495747
1525724939    39.490000    34.080000    0     0     648266017    192951999
1525724941    42.390000    34.080000    0     0     651374374    230527986
1525724943    42.280000    34.080000    0     0     654863976    272741206
1525724945    41.800000    34.080000    0     0     658294425    314237370
1525724947    44.360000    34.080000    0     0     661933072    358238528
1525724949    43.390000    34.080000    0     0     665577110    402322231
1525724951    51.690000    34.080000    0     0     668990807    443606469
1525724953    44.320000    34.080000    0     0     672030596    480361483
1525724955    45.100000    34.080000    0     0     675683784    524543344
1525724957    45.440000    34.080000    0     0     679382348    569283705
1525724959    41.390000    34.080000    0     0     682744141    609946178
1525724961    42.080000    34.080000    0     0     685866915    647703571
1525724963    43.880000    34.080000    0     0     689498829    691629089
1525724965    39.620000    34.080000    0     0     692814273    731730706
1525724967    35.060000    34.080000    0     0     695501867    764236193
1525724969    30.910000    34.080000    0     0     698339376    798542764
1525724971    46.910000    34.080000    0     0     701961405    842348155
1525724973    43.490000    34.080000    0     0     705605498    886410420
1525724975    42.910000    34.080000    0     0     709200906    929912788
1525724977    42.510000    34.080000    0     0     712677167    971949067
1525724979    36.460000    34.080000    0     0     715439124    1005349655
1525724981    35.650000    34.080000    0     0     718104743    1037585182
1525724983    30.680000    34.080000    0     0     721086723    1073626115
1525724985    45.640000    34.080000    0     0     724572704    1115775241
1525724987    38.290000    34.080000    0     0     727908875    1156122651
1525724989    45.180000    34.080000    0     0     731187873    1195776354
1525724991    34.800000    34.080000    0     0     734045502    1230330787
1525724993    41.720000    34.080000    0     0     737496172    1272069088
1525724995    34.970000    34.080000    0     0     740187453    1304612399
1525724997    47.830000    34.080000    0     0     743256123    1341698985
1525724999    44.090000    34.080000    0     0     746917362    1385980951
1525725001    34.580000    34.080000    0     0     749977151    1422986596
1525725003    45.880000    34.080000    0     0     753648262    1467382776
1525725005    41.250000    34.080000    0     0     757163726    1509905149
1525725007    26.890000    34.080000    0     0     759116177    1533471321
1525725009    46.060000    34.080000    0     0     762832168    1578411960
1525725011    40.910000    34.080000    0     0     766295662    1620295471
1525725013    45.120000    34.080000    0     0     769667352    1661084452
1525725015    27.870000    34.080000    0     0     771336543    1681223525
1525725017    41.710000    34.080000    0     0     774214097    1716023329
1525725019    40.390000    34.080000    0     0     777596953    1756943452
1525725021    44.720000    34.080000    0     0     780863964    1796439928
1525725023    38.160000    34.080000    0     0     783702159    1830761501
1525725025    39.720000    34.080000    0     0     786522842    1864872002
1525725027    37.510000    34.080000    0     0     789534429    1901303116
1525725029    45.600000    34.080000    0     0     792955182    1942658756
1525725031    25.290000    34.080000    0     0     795213345    1969962291
1525725033    26.160000    34.080000    0     0     796668436    1987558570
1525725035    30.520000    34.080000    0     0     798645391    2011463571
1525725037    6.800000    34.080000    0     0     799597845    2022970318
1525725039    0.010000    34.080000    0     0     799597845    2022970318
1525725041    0.010000    34.080000    0     0     799597845    2022970318
1525725043    0.010000    34.080000    0     0     799597915    2022970318
1525725045    0.010000    34.080000    0     0     799597915    2022970318
1525725047    0.010000    34.080000    0     0     799597915    2022970318
1525725049    0.010000    34.080000    0     0     799597915    2022970318
1525725051    0.010000    34.080000    0     0     799597915    2022970318
1525725053    0.010000    34.080000    0     0     799597915    2022970318
1525725055    0.010000    34.080000    0     0     799597915    2022970318
1525725057    0.010000    34.080000    0     0     799597915    2022970318
1525725059    0.010000    34.080000    0     0     799597915    2022970318
1525725061    0.010000    34.080000    0     0     799597915    2022970318
1525725063    0.010000    34.080000    0     0     799597915    2022970318
1525725065    0.010000    34.080000    0     0     799597915    2022970318
1525725067    0.010000    34.080000    0     0     799597915    2022970318
1525725069    0.010000    34.080000    0     0     799597915    2022970318
1525725071    0.010000    34.080000    0     0     799597915    2022970318
1525725073    0.010000    34.080000    0     0     799597915    2022970318
1525725075    0.010000    34.080000    0     0     799597915    2022970318
1525725077    0.010000    34.080000    0     0     799597915    2022970318
1525725079    0.010000    34.080000    0     0     799597915    2022970318
1525725081    0.010000    34.080000    0     0     799597915    2022970318
1525725083    0.010000    34.080000    0     0     799597915    2022970318
1525725085    0.010000    34.080000    0     0     799597915    2022970318
1525725087    0.010000    34.080000    0     0     799597915    2022970318
1525725089    0.010000    34.080000    0     0     799597915    2022970318
1525725091    0.010000    34.080000    0     0     799597915    2022970318
1525725093    0.010000    34.080000    0     0     799597915    2022970318
1525725095    0.010000    34.080000    0     0     799597915    2022970318
1525725097    0.010000    34.080000    0     0     799597915    2022970318
1525725099    0.010000    34.080000    0     0     799597915    2022970318
1525725101    0.010000    34.080000    0     0     799597915    2022970318
1525725103    0.010000    34.080000    0     0     799597915    2022970318
