1525724776    0.010000    0.080000    0     0     2841    0
1525724778    0.010000    0.080000    0     0     2841    0
1525724780    0.010000    0.080000    0     0     2841    0
1525724782    0.010000    0.080000    0     0     2841    0
1525724784    0.010000    0.080000    0     0     2841    0
1525724786    0.010000    0.080000    0     0     2911    0
1525724788    0.010000    0.080000    0     0     3018    0
1525724790    0.010000    0.080000    0     0     3018    0
1525724792    0.010000    0.080000    0     0     3018    0
1525724794    0.010000    0.080000    0     0     3018    0
1525724796    0.010000    0.080000    0     0     3018    0
1525724798    0.010000    0.080000    0     0     3018    0
1525724800    0.010000    0.080000    0     0     3018    0
1525724802    0.010000    0.080000    0     0     3018    0
1525724804    0.010000    0.080000    0     0     3018    0
1525724806    0.010000    0.080000    0     0     3018    0
1525724808    0.010000    0.080000    0     0     3018    0
1525724810    0.010000    0.080000    0     0     3018    0
1525724812    0.010000    0.080000    0     0     3018    0
1525724814    0.010000    0.080000    0     0     3018    0
1525724816    0.010000    0.080000    0     0     3018    0
1525724818    0.010000    0.080000    0     0     3018    0
1525724820    44.880000    2.040000    0     0     35742804    2081798
1525724822    42.670000    4.100000    0     0     74503249    4336726
1525724824    41.770000    6.210000    0     0     114100349    6640314
1525724826    44.460000    8.250000    0     0     151802460    8833304
1525724828    35.510000    10.310000    0     0     190169921    11066032
1525724830    42.490000    12.460000    0     0     230753823    13427364
1525724832    47.580000    14.770000    0     0     273216450    15897632
1525724834    34.050000    16.680000    0     0     309761829    18023866
1525724836    41.670000    18.740000    0     0     348594245    20283304
1525724838    38.030000    20.460000    0     0     380984530    22167632
1525724840    40.200000    22.330000    0     0     415404075    24169624
1525724842    38.920000    24.110000    0     0     449081985    26129654
1525724844    36.080000    26.110000    0     0     487089427    28341210
1525724846    47.900000    28.170000    0     0     523954588    30486894
1525724848    42.730000    30.410000    0     0     566345792    32952648
1525724850    42.450000    32.610000    0     0     607407880    35342548
1525724852    8.270000    33.370000    0     0     621840599    36183769
1525724854    12.050000    34.050000    0     0     634126087    36898608
1525724856    0.540000    34.130000    0     0     636682519    37047904
1525724858    0.010000    34.130000    0     0     636682519    37047904
1525724860    0.140000    34.130000    0     0     636682519    37047904
1525724862    0.200000    34.130000    0     0     636682519    37047904
1525724864    0.120000    34.130000    0     0     636682519    37047904
1525724866    0.010000    34.130000    0     0     636682519    37047904
1525724868    0.010000    34.130000    0     0     636682519    37047904
1525724870    0.010000    34.130000    0     0     636682519    37047904
1525724872    0.010000    34.130000    0     0     636682519    37047904
1525724874    0.010000    34.130000    0     0     636682519    37047904
1525724876    0.010000    34.130000    0     0     636682519    37047904
1525724878    0.010000    34.130000    0     0     636682519    37047904
1525724880    0.010000    34.130000    0     0     636682519    37047904
1525724882    0.010000    34.130000    0     0     636682519    37047904
1525724884    0.010000    34.130000    0     0     636682626    37047904
1525724886    0.010000    34.130000    0     0     636682626    37047904
1525724888    0.010000    34.130000    0     0     636682626    37047904
1525724890    0.010000    34.130000    0     0     636682626    37047904
1525724892    0.010000    34.130000    0     0     636682626    37047904
1525724914    0.010000    34.130000    0     0     636682696    37047904
