1525724777    0.010000    0.080000    0     0     2621    0
1525724779    0.010000    0.080000    0     0     2621    0
1525724781    0.010000    0.080000    0     0     2621    0
1525724783    0.010000    0.080000    0     0     2621    0
1525724785    0.010000    0.080000    0     0     2621    0
1525724787    0.010000    0.080000    0     0     2621    0
1525724789    0.010000    0.080000    0     0     2798    0
1525724791    0.010000    0.080000    0     0     2798    0
1525724793    0.010000    0.080000    0     0     2798    0
1525724795    0.010000    0.080000    0     0     2798    0
1525724797    0.010000    0.080000    0     0     2798    0
1525724799    0.010000    0.080000    0     0     2798    0
1525724801    0.010000    0.080000    0     0     2798    0
1525724803    0.010000    0.080000    0     0     2798    0
1525724805    0.010000    0.080000    0     0     2798    0
1525724807    0.010000    0.080000    0     0     2798    0
1525724809    0.010000    0.080000    0     0     2798    0
1525724811    0.010000    0.080000    0     0     2798    0
1525724813    0.010000    0.080000    0     0     2798    0
1525724815    0.010000    0.080000    0     0     2798    0
1525724817    0.010000    0.080000    0     0     2798    0
1525724819    33.240000    0.950000    0     0     14737391    859392
1525724821    44.210000    3.150000    0     0     56057299    3263208
1525724823    42.820000    5.160000    0     0     94242800    5485132
1525724825    39.850000    7.150000    0     0     131309882    7641826
1525724827    45.040000    9.390000    0     0     173121196    10073984
1525724829    43.610000    11.310000    0     0     209714636    12203330
1525724831    43.810000    13.610000    0     0     252461957    14690100
1525724833    41.060000    15.860000    0     0     294191905    17117744
1525724835    40.460000    17.680000    0     0     328190710    19096200
1525724837    30.950000    19.510000    0     0     362136190    21071762
1525724839    34.540000    21.280000    0     0     396201787    23053408
1525724841    32.300000    23.140000    0     0     430522165    25050734
1525724843    42.650000    25.210000    0     0     469290459    27306106
1525724845    43.930000    27.180000    0     0     504086384    29330726
1525724847    45.370000    29.260000    0     0     544154311    31662442
1525724849    43.040000    31.510000    0     0     586656398    34135670
1525724851    22.930000    33.080000    0     0     616867872    35895227
1525724853    15.400000    33.660000    0     0     627568619    36517937
1525724855    6.820000    34.080000    0     0     635362835    36972112
1525724857    0.520000    34.080000    0     0     635362835    36972112
1525724859    0.030000    34.080000    0     0     635362835    36972112
1525724861    0.060000    34.080000    0     0     635362835    36972112
1525724863    0.140000    34.080000    0     0     635362835    36972112
1525724865    0.090000    34.080000    0     0     635362835    36972112
1525724867    0.010000    34.080000    0     0     635362835    36972112
1525724869    0.010000    34.080000    0     0     635362835    36972112
1525724871    0.010000    34.080000    0     0     635362835    36972112
1525724873    0.010000    34.080000    0     0     635362835    36972112
1525724875    0.000000    34.080000    0     0     635362835    36972112
1525724877    0.010000    34.080000    0     0     635362835    36972112
1525724879    0.000000    34.080000    0     0     635362835    36972112
1525724881    0.010000    34.080000    0     0     635362835    36972112
1525724883    0.010000    34.080000    0     0     635362835    36972112
1525724885    0.010000    34.080000    0     0     635362942    36972112
1525724887    0.010000    34.080000    0     0     635362942    36972112
1525724889    0.010000    34.080000    0     0     635362942    36972112
1525724891    0.010000    34.080000    0     0     635362942    36972112
1525724893    0.010000    34.080000    0     0     635363012    36972112
1525724915    0.010000    34.080000    0     0     635363012    36972112
