1525724904    0.010000    34.130000    0     0     636682696    37047904
1525724906    0.010000    34.130000    0     0     636682696    37047904
1525724908    0.010000    34.130000    0     0     636682696    37047904
1525724910    0.010000    34.130000    0     0     636682696    37047904
1525724912    0.010000    34.130000    0     0     636682696    37047904
1525724914    0.010000    34.130000    0     0     636682696    37047904
1525724916    0.010000    34.130000    0     0     636682696    37047904
1525724918    0.010000    34.130000    0     0     636682696    37047904
1525724920    0.010000    34.130000    0     0     636682696    37047904
1525724922    0.010000    34.130000    0     0     636682696    37047904
1525724924    0.010000    34.130000    0     0     636682696    37047904
1525724926    0.010000    34.130000    0     0     636682696    37047904
1525724928    0.010000    34.130000    0     0     636682696    37047904
1525724930    0.010000    34.130000    0     0     636682696    37047904
1525724932    35.140000    34.130000    0     0     638283291    56325407
1525724934    33.020000    34.130000    0     0     640735677    85958952
1525724936    39.880000    34.130000    0     0     643816348    123189288
1525724938    42.390000    34.130000    0     0     647161133    163620027
1525724940    36.830000    34.130000    0     0     649928958    197070691
1525724942    41.480000    34.130000    0     0     653074152    235081332
1525724944    40.630000    34.130000    0     0     656278833    273813410
1525724946    42.160000    34.130000    0     0     659537163    313198229
1525724948    40.790000    34.130000    0     0     662898782    353830771
1525724950    40.730000    34.130000    0     0     666170787    393382847
1525724952    32.280000    34.130000    0     0     668796359    425103642
1525724954    42.760000    34.130000    0     0     672108012    465120715
1525724956    42.140000    34.130000    0     0     675512907    506288887
1525724958    39.370000    34.130000    0     0     678778349    545751680
1525724960    33.800000    34.130000    0     0     681564940    579431734
1525724962    42.490000    34.130000    0     0     684798342    618515224
1525724964    41.310000    34.130000    0     0     688136358    658856870
1525724966    33.800000    34.130000    0     0     690781015    690821766
1525724968    38.890000    34.130000    0     0     693431616    722857339
1525724970    42.320000    34.130000    0     0     696159459    755820087
1525724972    40.840000    34.130000    0     0     699470297    795834278
1525724974    40.120000    34.130000    0     0     702748416    835462128
1525724976    41.950000    34.130000    0     0     706089359    875848047
1525724978    34.420000    34.130000    0     0     708888953    909677069
1525724980    33.990000    34.130000    0     0     711326249    939135877
1525724982    41.980000    34.130000    0     0     714234333    974281610
1525724984    39.970000    34.130000    0     0     716802992    1005309315
1525724986    41.630000    34.130000    0     0     720176695    1046086845
1525724988    36.230000    34.130000    0     0     722879272    1078752156
1525724990    34.700000    34.130000    0     0     725972247    1116132529
1525724992    42.040000    34.130000    0     0     728875242    1151217461
1525724994    33.170000    34.130000    0     0     731561996    1183678312
1525724996    28.720000    34.130000    0     0     733893938    1211829083
1525724998    41.540000    34.130000    0     0     737361573    1253742136
1525725000    41.610000    34.130000    0     0     740652072    1293512085
1525725002    41.910000    34.130000    0     0     743488047    1327776948
1525725004    43.410000    34.130000    0     0     746924266    1369313744
1525725006    25.710000    34.130000    0     0     749345332    1398557113
1525725008    43.030000    34.130000    0     0     751931389    1429795135
1525725010    43.950000    34.130000    0     0     755411654    1471861848
1525725012    37.740000    34.130000    0     0     758250100    1506164125
1525725014    16.710000    34.130000    0     0     760537301    1533779889
1525725016    31.290000    34.130000    0     0     762564167    1558260107
1525725018    41.160000    34.130000    0     0     765726001    1596468317
1525725020    38.480000    34.130000    0     0     768536904    1630443278
1525725022    34.120000    34.130000    0     0     771417148    1665252405
1525725024    31.830000    34.130000    0     0     773945201    1695802317
1525725026    39.410000    34.130000    0     0     776844838    1730849177
1525725028    40.330000    34.130000    0     0     779634283    1764544970
1525725030    36.730000    34.130000    0     0     782460439    1798683624
1525725032    13.630000    34.130000    0     0     783763050    1814427011
1525725034    24.420000    34.130000    0     0     785422968    1834488443
1525725036    18.760000    34.130000    0     0     787019614    1853781176
1525725038    0.020000    34.130000    0     0     787246502    1856514105
1525725040    0.010000    34.130000    0     0     787246502    1856514105
1525725042    0.010000    34.130000    0     0     787246502    1856514105
1525725044    0.010000    34.130000    0     0     787246502    1856514105
1525725046    0.010000    34.130000    0     0     787246502    1856514105
1525725048    0.010000    34.130000    0     0     787246502    1856514105
1525725050    0.010000    34.130000    0     0     787246502    1856514105
1525725052    0.010000    34.130000    0     0     787246502    1856514105
1525725054    0.010000    34.130000    0     0     787246502    1856514105
1525725056    0.010000    34.130000    0     0     787246502    1856514105
1525725058    0.010000    34.130000    0     0     787246502    1856514105
1525725060    0.010000    34.130000    0     0     787246572    1856514105
1525725062    0.010000    34.130000    0     0     787246572    1856514105
