1525724905    0.010000    34.080000    0     0     635363012    36972112
1525724907    0.010000    34.080000    0     0     635363012    36972112
1525724909    0.010000    34.080000    0     0     635363012    36972112
1525724911    0.010000    34.080000    0     0     635363012    36972112
1525724913    0.010000    34.080000    0     0     635363012    36972112
1525724915    0.010000    34.080000    0     0     635363012    36972112
1525724917    0.010000    34.080000    0     0     635363012    36972112
1525724919    0.010000    34.080000    0     0     635363012    36972112
1525724921    0.010000    34.080000    0     0     635363012    36972112
1525724923    0.010000    34.080000    0     0     635363012    36972112
1525724925    0.010000    34.080000    0     0     635363012    36972112
1525724927    0.010000    34.080000    0     0     635363012    36972112
1525724929    0.010000    34.080000    0     0     635363012    36972112
1525724931    7.750000    34.090000    0     0     635675658    40686659
1525724933    36.780000    34.080000    0     0     638438006    74077719
1525724935    42.770000    34.080000    0     0     641413760    110073763
1525724937    44.860000    34.080000    0     0     644922051    152495747
1525724939    39.490000    34.080000    0     0     648266017    192951999
1525724941    42.390000    34.080000    0     0     651374374    230527986
1525724943    42.280000    34.080000    0     0     654863976    272741206
1525724945    41.800000    34.080000    0     0     658294425    314237370
1525724947    44.360000    34.080000    0     0     661933072    358238528
1525724949    43.390000    34.080000    0     0     665577110    402322231
1525724951    51.690000    34.080000    0     0     668990807    443606469
1525724953    44.320000    34.080000    0     0     672030596    480361483
1525724955    45.100000    34.080000    0     0     675683784    524543344
1525724957    45.440000    34.080000    0     0     679382348    569283705
1525724959    41.390000    34.080000    0     0     682744141    609946178
1525724961    42.080000    34.080000    0     0     685866915    647703571
1525724963    43.880000    34.080000    0     0     689498829    691629089
1525724965    39.620000    34.080000    0     0     692814273    731730706
1525724967    35.060000    34.080000    0     0     695501867    764236193
1525724969    30.910000    34.080000    0     0     698339376    798542764
1525724971    46.910000    34.080000    0     0     701961405    842348155
1525724973    43.490000    34.080000    0     0     705605498    886410420
1525724975    42.910000    34.080000    0     0     709200906    929912788
1525724977    42.510000    34.080000    0     0     712677167    971949067
1525724979    36.460000    34.080000    0     0     715439124    1005349655
1525724981    35.650000    34.080000    0     0     718104743    1037585182
1525724983    30.680000    34.080000    0     0     721086723    1073626115
1525724985    45.640000    34.080000    0     0     724572704    1115775241
1525724987    38.290000    34.080000    0     0     727908875    1156122651
1525724989    45.180000    34.080000    0     0     731187873    1195776354
1525724991    34.800000    34.080000    0     0     734045502    1230330787
1525724993    41.720000    34.080000    0     0     737496172    1272069088
1525724995    34.970000    34.080000    0     0     740187453    1304612399
1525724997    47.830000    34.080000    0     0     743256123    1341698985
1525724999    44.090000    34.080000    0     0     746917362    1385980951
1525725001    34.580000    34.080000    0     0     749977151    1422986596
1525725003    45.880000    34.080000    0     0     753648262    1467382776
1525725005    41.250000    34.080000    0     0     757163726    1509905149
1525725007    26.890000    34.080000    0     0     759116177    1533471321
1525725009    46.060000    34.080000    0     0     762832168    1578411960
1525725011    40.910000    34.080000    0     0     766295662    1620295471
1525725013    45.120000    34.080000    0     0     769667352    1661084452
1525725015    27.870000    34.080000    0     0     771336543    1681223525
1525725017    41.710000    34.080000    0     0     774214097    1716023329
1525725019    40.390000    34.080000    0     0     777596953    1756943452
1525725021    44.720000    34.080000    0     0     780863964    1796439928
1525725023    38.160000    34.080000    0     0     783702159    1830761501
1525725025    39.720000    34.080000    0     0     786522842    1864872002
1525725027    37.510000    34.080000    0     0     789534429    1901303116
1525725029    45.600000    34.080000    0     0     792955182    1942658756
1525725031    25.290000    34.080000    0     0     795213345    1969962291
1525725033    26.160000    34.080000    0     0     796668436    1987558570
1525725035    30.520000    34.080000    0     0     798645391    2011463571
1525725037    6.800000    34.080000    0     0     799597845    2022970318
1525725039    0.010000    34.080000    0     0     799597845    2022970318
1525725041    0.010000    34.080000    0     0     799597845    2022970318
1525725043    0.010000    34.080000    0     0     799597915    2022970318
1525725045    0.010000    34.080000    0     0     799597915    2022970318
1525725047    0.010000    34.080000    0     0     799597915    2022970318
1525725049    0.010000    34.080000    0     0     799597915    2022970318
1525725051    0.010000    34.080000    0     0     799597915    2022970318
1525725053    0.010000    34.080000    0     0     799597915    2022970318
1525725055    0.010000    34.080000    0     0     799597915    2022970318
1525725057    0.010000    34.080000    0     0     799597915    2022970318
1525725059    0.010000    34.080000    0     0     799597915    2022970318
1525725061    0.010000    34.080000    0     0     799597915    2022970318
1525725063    0.010000    34.080000    0     0     799597915    2022970318
